This is pdfTeX, Version 3.14159265-2.6-1.40.20 (MiKTeX 2.9.7200 64-bit) (preloaded format=pdflatex 2019.10.22)  8 OCT 2020 12:43
entering extended mode
**./BE-correlates-cycling-flows.tex
(BE-correlates-cycling-flows.tex
LaTeX2e <2019-10-01> patch level 1
(svjour3.cls
Document Class: svjour3 2007/05/08 v3.2 
LaTeX document class for Springer journals
Class Springer-SVJour3 Info: extra/valid Springer sub-package (-> *.clo) 
(Springer-SVJour3)           not found in option list of \documentclass
(Springer-SVJour3)           - autoactivating "global" style.
(svglov3.clo
File: svglov3.clo 2009/12/18 v3.2 style option for standardised journals
SVJour Class option: svglov3.clo for standardised journals
)
LaTeX Font Info:    Redeclaring math symbol \Gamma on input line 147.
LaTeX Font Info:    Redeclaring math symbol \Delta on input line 148.
LaTeX Font Info:    Redeclaring math symbol \Theta on input line 149.
LaTeX Font Info:    Redeclaring math symbol \Lambda on input line 150.
LaTeX Font Info:    Redeclaring math symbol \Xi on input line 151.
LaTeX Font Info:    Redeclaring math symbol \Pi on input line 152.
LaTeX Font Info:    Redeclaring math symbol \Sigma on input line 153.
LaTeX Font Info:    Redeclaring math symbol \Upsilon on input line 154.
LaTeX Font Info:    Redeclaring math symbol \Phi on input line 155.
LaTeX Font Info:    Redeclaring math symbol \Psi on input line 156.
LaTeX Font Info:    Redeclaring math symbol \Omega on input line 157.
\logodepth=\dimen102
\headerboxheight=\dimen103
\betweenumberspace=\dimen104
\aftertext=\dimen105
\headlineindent=\dimen106
\c@inst=\count80
\c@auth=\count81
\instindent=\dimen107
\authrun=\box27
\authorrunning=\toks14
\titrun=\box28
\titlerunning=\toks15
\combirun=\box29
\c@lastpage=\count82
\rubricwidth=\dimen108
\c@section=\count83
\c@subsection=\count84
\c@subsubsection=\count85
\c@paragraph=\count86
\c@subparagraph=\count87
\spthmsep=\dimen109
\c@theorem=\count88
\c@case=\count89
\c@conjecture=\count90
\c@corollary=\count91
\c@definition=\count92
\c@example=\count93
\c@exercise=\count94
\c@lemma=\count95
\c@note=\count96
\c@problem=\count97
\c@property=\count98
\c@proposition=\count99
\c@question=\count100
\c@solution=\count101
\c@remark=\count102
\c@figure=\count103
\c@table=\count104
\abovecaptionskip=\skip41
\belowcaptionskip=\skip42
\figcapgap=\dimen110
\tabcapgap=\dimen111
\figgap=\dimen112
\bibindent=\dimen113
\@tempcntc=\count105
) ("C:\Program Files\MiKTeX 2.9\tex/latex/amsmath\amsmath.sty"
Package: amsmath 2019/04/01 v2.17c AMS math features
\@mathmargin=\skip43
For additional information on amsmath, use the `?' option.
("C:\Program Files\MiKTeX 2.9\tex/latex/amsmath\amstext.sty"
Package: amstext 2000/06/29 v2.01 AMS text
("C:\Program Files\MiKTeX 2.9\tex/latex/amsmath\amsgen.sty"
File: amsgen.sty 1999/11/30 v2.0 generic functions
\@emptytoks=\toks16
\ex@=\dimen114
)) ("C:\Program Files\MiKTeX 2.9\tex/latex/amsmath\amsbsy.sty"
Package: amsbsy 1999/11/29 v1.2d Bold Symbols
\pmbraise@=\dimen115
) ("C:\Program Files\MiKTeX 2.9\tex/latex/amsmath\amsopn.sty"
Package: amsopn 2016/03/08 v2.02 operator names
)
\inf@bad=\count106
LaTeX Info: Redefining \frac on input line 227.
\uproot@=\count107
\leftroot@=\count108
LaTeX Info: Redefining \overline on input line 389.
\classnum@=\count109
\DOTSCASE@=\count110
LaTeX Info: Redefining \ldots on input line 486.
LaTeX Info: Redefining \dots on input line 489.
LaTeX Info: Redefining \cdots on input line 610.
\Mathstrutbox@=\box30
\strutbox@=\box31
\big@size=\dimen116
LaTeX Font Info:    Redeclaring font encoding OML on input line 733.
LaTeX Font Info:    Redeclaring font encoding OMS on input line 734.
\macc@depth=\count111
\c@MaxMatrixCols=\count112
\dotsspace@=\muskip10
\c@parentequation=\count113
\dspbrk@lvl=\count114
\tag@help=\toks17
\row@=\count115
\column@=\count116
\maxfields@=\count117
\andhelp@=\toks18
\eqnshift@=\dimen117
\alignsep@=\dimen118
\tagshift@=\dimen119
\tagwidth@=\dimen120
\totwidth@=\dimen121
\lineht@=\dimen122
\@envbody=\toks19
\multlinegap=\skip44
\multlinetaggap=\skip45
\mathdisplay@stack=\toks20
LaTeX Info: Redefining \[ on input line 2855.
LaTeX Info: Redefining \] on input line 2856.
) ("C:\Program Files\MiKTeX 2.9\tex/latex/graphics\graphicx.sty"
Package: graphicx 2017/06/01 v1.1a Enhanced LaTeX Graphics (DPC,SPQR)
("C:\Program Files\MiKTeX 2.9\tex/latex/graphics\keyval.sty"
Package: keyval 2014/10/28 v1.15 key=value parser (DPC)
\KV@toks@=\toks21
) ("C:\Program Files\MiKTeX 2.9\tex/latex/graphics\graphics.sty"
Package: graphics 2019/10/08 v1.3c Standard LaTeX Graphics (DPC,SPQR)
("C:\Program Files\MiKTeX 2.9\tex/latex/graphics\trig.sty"
Package: trig 2016/01/03 v1.10 sin cos tan (DPC)
) ("C:\Program Files\MiKTeX 2.9\tex/latex/graphics-cfg\graphics.cfg"
File: graphics.cfg 2016/06/04 v1.11 sample graphics configuration
)
Package graphics Info: Driver file: pdftex.def on input line 105.
("C:\Program Files\MiKTeX 2.9\tex/latex/graphics-def\pdftex.def"
File: pdftex.def 2018/01/08 v1.0l Graphics/color driver for pdftex
))
\Gin@req@height=\dimen123
\Gin@req@width=\dimen124
) ("C:\Program Files\MiKTeX 2.9\tex/latex/base\inputenc.sty"
Package: inputenc 2018/08/11 v1.3c Input encoding file
\inpenc@prehook=\toks22
\inpenc@posthook=\toks23
) ("C:\Program Files\MiKTeX 2.9\tex/latex/url\url.sty"
\Urlmuskip=\muskip11
Package: url 2013/09/16  ver 3.4  Verb mode for urls, etc.
) ("C:\Program Files\MiKTeX 2.9\tex/latex/hyperref\hyperref.sty"
Package: hyperref 2019/09/28 v7.00a Hypertext links for LaTeX
("C:\Program Files\MiKTeX 2.9\tex/generic/oberdiek\hobsub-hyperref.sty"
Package: hobsub-hyperref 2016/05/16 v1.14 Bundle oberdiek, subset hyperref (HO)

("C:\Program Files\MiKTeX 2.9\tex/generic/oberdiek\hobsub-generic.sty"
Package: hobsub-generic 2016/05/16 v1.14 Bundle oberdiek, subset generic (HO)
Package: hobsub 2016/05/16 v1.14 Construct package bundles (HO)
Package: infwarerr 2016/05/16 v1.4 Providing info/warning/error messages (HO)
Package: ltxcmds 2016/05/16 v1.23 LaTeX kernel commands for general use (HO)
Package: ifluatex 2016/05/16 v1.4 Provides the ifluatex switch (HO)
Package ifluatex Info: LuaTeX not detected.
Package: ifvtex 2016/05/16 v1.6 Detect VTeX and its facilities (HO)
Package ifvtex Info: VTeX not detected.
Package: intcalc 2016/05/16 v1.2 Expandable calculations with integers (HO)
Package: ifpdf 2018/09/07 v3.3 Provides the ifpdf switch
Package: etexcmds 2016/05/16 v1.6 Avoid name clashes with e-TeX commands (HO)
Package: kvsetkeys 2016/05/16 v1.17 Key value parser (HO)
Package: kvdefinekeys 2016/05/16 v1.4 Define keys (HO)
Package: pdftexcmds 2019/07/25 v0.30 Utility functions of pdfTeX for LuaTeX (HO
)
Package pdftexcmds Info: LuaTeX not detected.
Package pdftexcmds Info: \pdf@primitive is available.
Package pdftexcmds Info: \pdf@ifprimitive is available.
Package pdftexcmds Info: \pdfdraftmode found.
Package: pdfescape 2016/05/16 v1.14 Implements pdfTeX's escape features (HO)
Package: bigintcalc 2016/05/16 v1.4 Expandable calculations on big integers (HO
)
Package: bitset 2016/05/16 v1.2 Handle bit-vector datatype (HO)
Package: uniquecounter 2016/05/16 v1.3 Provide unlimited unique counter (HO)
)
Package hobsub Info: Skipping package `hobsub' (already loaded).
Package: letltxmacro 2016/05/16 v1.5 Let assignment for LaTeX macros (HO)
Package: hopatch 2016/05/16 v1.3 Wrapper for package hooks (HO)
Package: xcolor-patch 2016/05/16 xcolor patch
Package: atveryend 2016/05/16 v1.9 Hooks at the very end of document (HO)
Package atveryend Info: \enddocument detected (standard20110627).
Package: atbegshi 2016/06/09 v1.18 At begin shipout hook (HO)
Package: refcount 2016/05/16 v3.5 Data extraction from label references (HO)
Package: hycolor 2016/05/16 v1.8 Color options for hyperref/bookmark (HO)
) ("C:\Program Files\MiKTeX 2.9\tex/generic/ifxetex\ifxetex.sty"
Package: ifxetex 2010/09/12 v0.6 Provides ifxetex conditional
) ("C:\Program Files\MiKTeX 2.9\tex/latex/oberdiek\auxhook.sty"
Package: auxhook 2016/05/16 v1.4 Hooks for auxiliary files (HO)
) ("C:\Program Files\MiKTeX 2.9\tex/latex/oberdiek\kvoptions.sty"
Package: kvoptions 2016/05/16 v3.12 Key value format for package options (HO)
)
\@linkdim=\dimen125
\Hy@linkcounter=\count118
\Hy@pagecounter=\count119
("C:\Program Files\MiKTeX 2.9\tex/latex/hyperref\pd1enc.def"
File: pd1enc.def 2019/09/28 v7.00a Hyperref: PDFDocEncoding definition (HO)
Now handling font encoding PD1 ...
... no UTF-8 mapping file for font encoding PD1
)
\Hy@SavedSpaceFactor=\count120
("C:\Program Files\MiKTeX 2.9\tex/latex/00miktex\hyperref.cfg"
File: hyperref.cfg 2002/06/06 v1.2 hyperref configuration of TeXLive
)
Package hyperref Info: Hyper figures OFF on input line 4540.
Package hyperref Info: Link nesting OFF on input line 4545.
Package hyperref Info: Hyper index ON on input line 4548.
Package hyperref Info: Plain pages OFF on input line 4555.
Package hyperref Info: Backreferencing OFF on input line 4560.
Package hyperref Info: Implicit mode ON; LaTeX internals redefined.
Package hyperref Info: Bookmarks ON on input line 4793.
\c@Hy@tempcnt=\count121
LaTeX Info: Redefining \url on input line 5152.
\XeTeXLinkMargin=\dimen126
\Fld@menulength=\count122
\Field@Width=\dimen127
\Fld@charsize=\dimen128
Package hyperref Info: Hyper figures OFF on input line 6423.
Package hyperref Info: Link nesting OFF on input line 6428.
Package hyperref Info: Hyper index ON on input line 6431.
Package hyperref Info: backreferencing OFF on input line 6438.
Package hyperref Info: Link coloring OFF on input line 6443.
Package hyperref Info: Link coloring with OCG OFF on input line 6448.
Package hyperref Info: PDF/A mode OFF on input line 6453.
LaTeX Info: Redefining \ref on input line 6493.
LaTeX Info: Redefining \pageref on input line 6497.
\Hy@abspage=\count123
\c@Item=\count124
\c@Hfootnote=\count125
)
Package hyperref Info: Driver (autodetected): hpdftex.
("C:\Program Files\MiKTeX 2.9\tex/latex/hyperref\hpdftex.def"
File: hpdftex.def 2019/09/28 v7.00a Hyperref driver for pdfTeX
\Fld@listcount=\count126
\c@bookmark@seq@number=\count127
("C:\Program Files\MiKTeX 2.9\tex/latex/oberdiek\rerunfilecheck.sty"
Package: rerunfilecheck 2016/05/16 v1.8 Rerun checks for auxiliary files (HO)
Package uniquecounter Info: New unique counter `rerunfilecheck' on input line 2
82.
)
\Hy@SectionHShift=\skip46
) ("C:\Program Files\MiKTeX 2.9\tex/latex/xcolor\xcolor.sty"
Package: xcolor 2016/05/11 v2.12 LaTeX color extensions (UK)
("C:\Program Files\MiKTeX 2.9\tex/latex/graphics-cfg\color.cfg"
File: color.cfg 2016/01/02 v1.6 sample color configuration
)
Package xcolor Info: Driver file: pdftex.def on input line 225.
Package xcolor Info: Model `cmy' substituted by `cmy0' on input line 1348.
Package xcolor Info: Model `hsb' substituted by `rgb' on input line 1352.
Package xcolor Info: Model `RGB' extended on input line 1364.
Package xcolor Info: Model `HTML' substituted by `rgb' on input line 1366.
Package xcolor Info: Model `Hsb' substituted by `hsb' on input line 1367.
Package xcolor Info: Model `tHsb' substituted by `hsb' on input line 1368.
Package xcolor Info: Model `HSB' substituted by `hsb' on input line 1369.
Package xcolor Info: Model `Gray' substituted by `gray' on input line 1370.
Package xcolor Info: Model `wave' substituted by `hsb' on input line 1371.
) ("C:\Program Files\MiKTeX 2.9\tex/latex/booktabs\booktabs.sty"
Package: booktabs 2019/10/08 v1.6180339 publication quality tables
\heavyrulewidth=\dimen129
\lightrulewidth=\dimen130
\cmidrulewidth=\dimen131
\belowrulesep=\dimen132
\belowbottomsep=\dimen133
\aboverulesep=\dimen134
\abovetopsep=\dimen135
\cmidrulesep=\dimen136
\cmidrulekern=\dimen137
\defaultaddspace=\dimen138
\@cmidla=\count128
\@cmidlb=\count129
\@aboverulesep=\dimen139
\@belowrulesep=\dimen140
\@thisruleclass=\count130
\@lastruleclass=\count131
\@thisrulewidth=\dimen141
) ("C:\Program Files\MiKTeX 2.9\tex/latex/tools\longtable.sty"
Package: longtable 2019/02/06 v4.12 Multi-page Table package (DPC)
\LTleft=\skip47
\LTright=\skip48
\LTpre=\skip49
\LTpost=\skip50
\LTchunksize=\count132
\LTcapwidth=\dimen142
\LT@head=\box32
\LT@firsthead=\box33
\LT@foot=\box34
\LT@lastfoot=\box35
\LT@cols=\count133
\LT@rows=\count134
\c@LT@tables=\count135
\c@LT@chunks=\count136
\LT@p@ftn=\toks24
) ("C:\Program Files\MiKTeX 2.9\tex/latex/tools\array.sty"
Package: array 2019/08/31 v2.4l Tabular extension package (FMi)
\col@sep=\dimen143
\ar@mcellbox=\box36
\extrarowheight=\dimen144
\NC@list=\toks25
\extratabsurround=\skip51
\backup@length=\skip52
\ar@cellbox=\box37
) ("C:\Program Files\MiKTeX 2.9\tex/latex/multirow\multirow.sty"
Package: multirow 2019/05/31 v2.5 Span multiple rows of a table
\multirow@colwidth=\skip53
\multirow@cntb=\count137
\multirow@dima=\skip54
\bigstrutjot=\dimen145
) ("C:\Program Files\MiKTeX 2.9\tex/latex/wrapfig\wrapfig.sty"
\wrapoverhang=\dimen146
\WF@size=\dimen147
\c@WF@wrappedlines=\count138
\WF@box=\box38
\WF@everypar=\toks26
Package: wrapfig 2003/01/31  v 3.6
) ("C:\Program Files\MiKTeX 2.9\tex/latex/float\float.sty"
Package: float 2001/11/08 v1.3d Float enhancements (AL)
\c@float@type=\count139
\float@exts=\toks27
\float@box=\box39
\@float@everytoks=\toks28
\@floatcapt=\box40
) ("C:\Program Files\MiKTeX 2.9\tex/latex/colortbl\colortbl.sty"
Package: colortbl 2018/12/12 v1.0d Color table columns (DPC)
\everycr=\toks29
\minrowclearance=\skip55
) ("C:\Program Files\MiKTeX 2.9\tex/latex/oberdiek\pdflscape.sty"
Package: pdflscape 2016/05/14 v0.11 Display of landscape pages in PDF (HO)
("C:\Program Files\MiKTeX 2.9\tex/latex/graphics\lscape.sty"
Package: lscape 2000/10/22 v3.01 Landscape Pages (DPC)
)
Package pdflscape Info: Auto-detected driver: pdftex on input line 81.
) ("C:\Program Files\MiKTeX 2.9\tex/latex/tabu\tabu.sty"
Package: tabu 2019/01/11 v2.9 - flexible LaTeX tabulars (FC+tabu-fixed)
("C:\Program Files\MiKTeX 2.9\tex/latex/varwidth\varwidth.sty"
Package: varwidth 2009/03/30 ver 0.92;  Variable-width minipages
\@vwid@box=\box41
\sift@deathcycles=\count140
\@vwid@loff=\dimen148
\@vwid@roff=\dimen149
)
\c@taburow=\count141
\tabu@nbcols=\count142
\tabu@cnt=\count143
\tabu@Xcol=\count144
\tabu@alloc=\count145
\tabu@nested=\count146
\tabu@target=\dimen150
\tabu@spreadtarget=\dimen151
\tabu@naturalX=\dimen152
\tabucolX=\dimen153
\tabu@Xsum=\dimen154
\extrarowdepth=\dimen155
\abovetabulinesep=\dimen156
\belowtabulinesep=\dimen157
\tabustrutrule=\dimen158
\tabu@thebody=\toks30
\tabu@footnotes=\toks31
\tabu@box=\box42
\tabu@arstrutbox=\box43
\tabu@hleads=\box44
\tabu@vleads=\box45
\tabu@cellskip=\skip56
) ("C:\Program Files\MiKTeX 2.9\tex/latex/threeparttable\threeparttable.sty"
Package: threeparttable 2003/06/13  v 3.0
\@tempboxb=\box46
) ("C:\Program Files\MiKTeX 2.9\tex/latex/threeparttablex\threeparttablex.sty"
Package: threeparttablex 2013/07/23 v0.3 by daleif
("C:\Program Files\MiKTeX 2.9\tex/latex/environ\environ.sty"
Package: environ 2014/05/04 v0.3 A new way to define environments
("C:\Program Files\MiKTeX 2.9\tex/latex/trimspaces\trimspaces.sty"
Package: trimspaces 2009/09/17 v1.1 Trim spaces around a token list
))
\TPTL@width=\skip57
) ("C:\Program Files\MiKTeX 2.9\tex/latex/ulem\ulem.sty"
\UL@box=\box47
\UL@hyphenbox=\box48
\UL@skip=\skip58
\UL@hook=\toks32
\UL@height=\dimen159
\UL@pe=\count147
\UL@pixel=\dimen160
\ULC@box=\box49
Package: ulem 2012/05/18
\ULdepth=\dimen161
) ("C:\Program Files\MiKTeX 2.9\tex/latex/makecell\makecell.sty"
Package: makecell 2009/08/03 V0.1e Managing of Tab Column Heads and Cells
\rotheadsize=\dimen162
\c@nlinenum=\count148
\TeXr@lab=\toks33
) (BE-correlates-cycling-flows.aux

LaTeX Warning: Label `tab:model-comparison' multiply defined.


LaTeX Warning: Label `tab:all-models' multiply defined.

)
\openout1 = `BE-correlates-cycling-flows.aux'.

LaTeX Font Info:    Checking defaults for OML/cmm/m/it on input line 50.
LaTeX Font Info:    ... okay on input line 50.
LaTeX Font Info:    Checking defaults for T1/cmr/m/n on input line 50.
LaTeX Font Info:    ... okay on input line 50.
LaTeX Font Info:    Checking defaults for OT1/cmr/m/n on input line 50.
LaTeX Font Info:    ... okay on input line 50.
LaTeX Font Info:    Checking defaults for OMS/cmsy/m/n on input line 50.
LaTeX Font Info:    ... okay on input line 50.
LaTeX Font Info:    Checking defaults for OMX/cmex/m/n on input line 50.
LaTeX Font Info:    ... okay on input line 50.
LaTeX Font Info:    Checking defaults for U/cmr/m/n on input line 50.
LaTeX Font Info:    ... okay on input line 50.
LaTeX Font Info:    Checking defaults for PD1/pdf/m/n on input line 50.
LaTeX Font Info:    ... okay on input line 50.
Unknown journal: specify \journalname{<name of your journal>} in preambel

("C:\Program Files\MiKTeX 2.9\tex/context/base/mkii\supp-pdf.mkii"
[Loading MPS to PDF converter (version 2006.09.02).]
\scratchcounter=\count149
\scratchdimen=\dimen163
\scratchbox=\box50
\nofMPsegments=\count150
\nofMParguments=\count151
\everyMPshowfont=\toks34
\MPscratchCnt=\count152
\MPscratchDim=\dimen164
\MPnumerator=\count153
\makeMPintoPDFobject=\count154
\everyMPtoPDFconversion=\toks35
) ("C:\Program Files\MiKTeX 2.9\tex/latex/oberdiek\epstopdf-base.sty"
Package: epstopdf-base 2016/05/15 v2.6 Base part for package epstopdf
("C:\Program Files\MiKTeX 2.9\tex/latex/oberdiek\grfext.sty"
Package: grfext 2016/05/16 v1.2 Manage graphics extensions (HO)
)
Package epstopdf-base Info: Redefining graphics rule for `.eps' on input line 4
38.
Package grfext Info: Graphics extension search list:
(grfext)             [.pdf,.png,.jpg,.mps,.jpeg,.jbig2,.jb2,.PDF,.PNG,.JPG,.JPE
G,.JBIG2,.JB2,.eps]
(grfext)             \AppendGraphicsExtensions on input line 456.
)
\AtBeginShipoutBox=\box51
Package hyperref Info: Link coloring OFF on input line 50.
("C:\Program Files\MiKTeX 2.9\tex/latex/hyperref\nameref.sty"
Package: nameref 2019/09/16 v2.46 Cross-referencing by name of section
("C:\Program Files\MiKTeX 2.9\tex/generic/oberdiek\gettitlestring.sty"
Package: gettitlestring 2016/05/16 v1.5 Cleanup title references (HO)
)
\c@section@level=\count155
)
LaTeX Info: Redefining \ref on input line 50.
LaTeX Info: Redefining \pageref on input line 50.
LaTeX Info: Redefining \nameref on input line 50.
(BE-correlates-cycling-flows.out) (BE-correlates-cycling-flows.out)
\@outlinefile=\write3
\openout3 = `BE-correlates-cycling-flows.out'.

SVJour3 warning: Missing \journalname

LaTeX Font Warning: Font shape `OT1/cmr/bx/n' in size <13> not available
(Font)              size <12> substituted on input line 94.


SVJour3 Warning: Title too long for running head.
Please supply a shorter form with \titlerunning prior to \maketitle

Underfull \hbox (badness 10000) in paragraph at lines 96--124

 []

[1{C:/Users/paezha/AppData/Local/MiKTeX/2.9/pdftex/config/pdftex.map}] [2]
Overfull \hbox (9.49725pt too wide) in paragraph at lines 218--219
[][]$\OT1/cmtt/m/n/10 https : / / github . com / paezha / Correlates -[] of -[]
 Cycling -[] Flows -[] Route -[]
 []

[3] [4]
Overfull \hbox (17.13953pt too wide) in paragraph at lines 301--320
\OT1/cmr/m/n/10 trips in cities that are pre-dom-i-nantly car-centric (Adam, Jo
nes, and Brommelstroet
 []

[5] [6] [7]
<BE-correlates-cycling-flows_files/figure-latex/context-plot-1.pdf, id=93, 469.
755pt x 325.215pt>
File: BE-correlates-cycling-flows_files/figure-latex/context-plot-1.pdf Graphic
 file (type pdf)
<use BE-correlates-cycling-flows_files/figure-latex/context-plot-1.pdf>
Package pdftex.def Info: BE-correlates-cycling-flows_files/figure-latex/context
-plot-1.pdf  used on input line 471.
(pdftex.def)             Requested size: 469.75386pt x 325.2142pt.

Overfull \hbox (131.75386pt too wide) in paragraph at lines 471--475
 [][] 
 []

<BE-correlates-cycling-flows_files/figure-latex/trips-by-origin-1.pdf, id=94, 4
69.755pt x 325.215pt>
File: BE-correlates-cycling-flows_files/figure-latex/trips-by-origin-1.pdf Grap
hic file (type pdf)
<use BE-correlates-cycling-flows_files/figure-latex/trips-by-origin-1.pdf>
Package pdftex.def Info: BE-correlates-cycling-flows_files/figure-latex/trips-b
y-origin-1.pdf  used on input line 480.
(pdftex.def)             Requested size: 469.75386pt x 325.2142pt.

Overfull \hbox (131.75386pt too wide) in paragraph at lines 480--483
 [][] 
 []

[8]
Underfull \vbox (badness 7047) has occurred while \output is active []

[9pdfTeX warning (ext4): destination with the same identifier (name{figure.1}) 
has been already used, duplicate ignored

\AtBegShi@Output ...ipout \box \AtBeginShipoutBox 
                                                  \fi \fi 
l.538 
       <./BE-correlates-cycling-flows_files/figure-latex/context-plot-1.pdf>] [
10pdfTeX warning (ext4): destination with the same identifier (name{figure.2}) 
has been already used, duplicate ignored

\AtBegShi@Output ...ipout \box \AtBeginShipoutBox 
                                                  \fi \fi 
l.561 
       <./BE-correlates-cycling-flows_files/figure-latex/trips-by-origin-1.pdf>
] [11pdfTeX warning (ext4): destination with the same identifier (name{table.1}
) has been already used, duplicate ignored

\AtBegShi@Output ...ipout \box \AtBeginShipoutBox 
                                                  \fi \fi 
l.620 
      ] [12] [13pdfTeX warning (ext4): destination with the same identifier (na
me{table.2}) has been already used, duplicate ignored

\AtBegShi@Output ...ipout \box \AtBeginShipoutBox 
                                                  \fi \fi 
l.752 
      pdfTeX warning (ext4): destination with the same identifier (name{table.3
}) has been already used, duplicate ignored

\AtBegShi@Output ...ipout \box \AtBeginShipoutBox 
                                                  \fi \fi 
l.752 
      ] [14] [15pdfTeX warning (ext4): destination with the same identifier (na
me{table.4}) has been already used, duplicate ignored

\AtBegShi@Output ...ipout \box \AtBeginShipoutBox 
                                                  \fi \fi 
l.862 
      ] [16]

LaTeX Warning: Float too large for page by 66.41272pt on input line 920.

[17pdfTeX warning (ext4): destination with the same identifier (name{table.5}) 
has been already used, duplicate ignored

\AtBegShi@Output ...ipout \box \AtBeginShipoutBox 
                                                  \fi \fi 
l.921 \end{landscape}
                     ] [18


] [19]
Underfull \vbox (badness 3009) has occurred while \output is active []

[20pdfTeX warning (ext4): destination with the same identifier (name{table.6}) 
has been already used, duplicate ignored

\AtBegShi@Output ...ipout \box \AtBeginShipoutBox 
                                                  \fi \fi 
l.1099 
       ]
<BE-correlates-cycling-flows_files/figure-latex/residuals-over-1.pdf, id=229, 4
69.755pt x 325.215pt>
File: BE-correlates-cycling-flows_files/figure-latex/residuals-over-1.pdf Graph
ic file (type pdf)
<use BE-correlates-cycling-flows_files/figure-latex/residuals-over-1.pdf>
Package pdftex.def Info: BE-correlates-cycling-flows_files/figure-latex/residua
ls-over-1.pdf  used on input line 1102.
(pdftex.def)             Requested size: 469.75386pt x 325.2142pt.

Overfull \hbox (131.75386pt too wide) in paragraph at lines 1102--1105
 [][] 
 []


Overfull \hbox (19.0285pt too wide) in paragraph at lines 1108--1145
[]\OT1/cmr/m/n/10 Similarly, by plot-ting the pos-i-tive resid-u-als, af-ter re
-mov-ing all origin-destination
 []

[21pdfTeX warning (ext4): destination with the same identifier (name{figure.3})
 has been already used, duplicate ignored

\AtBegShi@Output ...ipout \box \AtBeginShipoutBox 
                                                  \fi \fi 
l.1145 
        <./BE-correlates-cycling-flows_files/figure-latex/residuals-over-1.pdf>
]
<BE-correlates-cycling-flows_files/figure-latex/residuals-under-1.pdf, id=248, 
469.755pt x 325.215pt>
File: BE-correlates-cycling-flows_files/figure-latex/residuals-under-1.pdf Grap
hic file (type pdf)
<use BE-correlates-cycling-flows_files/figure-latex/residuals-under-1.pdf>
Package pdftex.def Info: BE-correlates-cycling-flows_files/figure-latex/residua
ls-under-1.pdf  used on input line 1148.
(pdftex.def)             Requested size: 469.75386pt x 325.2142pt.

Overfull \hbox (131.75386pt too wide) in paragraph at lines 1148--1151
 [][] 
 []

<BE-correlates-cycling-flows_files/figure-latex/residuals-over-5km-1.pdf, id=24
9, 469.755pt x 325.215pt>
File: BE-correlates-cycling-flows_files/figure-latex/residuals-over-5km-1.pdf G
raphic file (type pdf)
<use BE-correlates-cycling-flows_files/figure-latex/residuals-over-5km-1.pdf>
Package pdftex.def Info: BE-correlates-cycling-flows_files/figure-latex/residua
ls-over-5km-1.pdf  used on input line 1156.
(pdftex.def)             Requested size: 469.75386pt x 325.2142pt.

Overfull \hbox (131.75386pt too wide) in paragraph at lines 1156--1159
 [][] 
 []

<BE-correlates-cycling-flows_files/figure-latex/residuals-under-5km-1.pdf, id=2
50, 469.755pt x 325.215pt>
File: BE-correlates-cycling-flows_files/figure-latex/residuals-under-5km-1.pdf 
Graphic file (type pdf)
<use BE-correlates-cycling-flows_files/figure-latex/residuals-under-5km-1.pdf>
Package pdftex.def Info: BE-correlates-cycling-flows_files/figure-latex/residua
ls-under-5km-1.pdf  used on input line 1164.
(pdftex.def)             Requested size: 469.75386pt x 325.2142pt.

Overfull \hbox (131.75386pt too wide) in paragraph at lines 1164--1167
 [][] 
 []

[22] [23pdfTeX warning (ext4): destination with the same identifier (name{figur
e.4}) has been already used, duplicate ignored

\AtBegShi@Output ...ipout \box \AtBeginShipoutBox 
                                                  \fi \fi 
l.1233 
        <./BE-correlates-cycling-flows_files/figure-latex/residuals-under-1.pdf
>]
Underfull \vbox (badness 2393) has occurred while \output is active []

[24pdfTeX warning (ext4): destination with the same identifier (name{figure.5})
 has been already used, duplicate ignored

\AtBegShi@Output ...ipout \box \AtBeginShipoutBox 
                                                  \fi \fi 
l.1233 
        <./BE-correlates-cycling-flows_files/figure-latex/residuals-over-5km-1.
pdf>] [25pdfTeX warning (ext4): destination with the same identifier (name{figu
re.6}) has been already used, duplicate ignored

\AtBegShi@Output ...ipout \box \AtBeginShipoutBox 
                                                  \fi \fi 
l.1249 
        <./BE-correlates-cycling-flows_files/figure-latex/residuals-under-5km-1
.pdf>]
LaTeX Font Info:    Trying to load font information for OMS+cmr on input line 1
269.
("C:\Program Files\MiKTeX 2.9\tex/latex/base\omscmr.fd"
File: omscmr.fd 2014/09/29 v2.5h Standard LaTeX font definitions
)
LaTeX Font Info:    Font shape `OMS/cmr/m/n' in size <10> not available
(Font)              Font shape `OMS/cmsy/m/n' tried instead on input line 1269.


Overfull \hbox (6.44507pt too wide) in paragraph at lines 1307--1315
\OT1/cmr/m/n/10 Meghan Win-ters. 2019. ``As-so-ci-a-tions Be-tween In-di-vid-ua
l Char-ac-ter-is-tics, Avail-
 []

[26]
Overfull \hbox (25.74684pt too wide) in paragraph at lines 1358--1361
\OT1/cmtt/m/n/10 ca / Transportation / TP / Documents / cycling / Cycling -[] S
trategy / 2011 -[] cycling -[]
 []


Overfull \hbox (12.30377pt too wide) in paragraph at lines 1362--1366
\OT1/cmr/m/n/10 Re-view and Up-date.'' 2018. []$\OT1/cmtt/m/n/10 https : / / ww
w . hamilton . ca / sites / default / files /
 []


Overfull \hbox (1.49707pt too wide) in paragraph at lines 1362--1366
\OT1/cmtt/m/n/10 media / browser / 2018 -[] 10 -[] 24 / tmp -[] review -[] upda
te -[] final -[] report -[] oct2018 .
 []


Overfull \hbox (15.24693pt too wide) in paragraph at lines 1367--1370
\OT1/cmtt/m/n/10 www . hamilton . ca / sites / default / files / media / browse
r / 2018 -[] 06 -[] 06 / draft -[]
 []


Overfull \hbox (0.49821pt too wide) in paragraph at lines 1371--1375
\OT1/cmr/m/n/10 view and Up-date.'' 2018. []$\OT1/cmtt/m/n/10 https : / / www .
 hamilton . ca / sites / default / files /
 []


Overfull \hbox (23.24847pt too wide) in paragraph at lines 1376--1380
\OT1/cmr/m/n/10 Safety, Ef-fi-ciency, Au-dac-ity.'' 2017. []$\OT1/cmtt/m/n/10 h
ttps : / / ville . montreal . qc . ca / pls / portal /
 []


Overfull \hbox (8.49698pt too wide) in paragraph at lines 1376--1380
\OT1/cmtt/m/n/10 docs / page / transports _ fr / media / documents / plan _ cad
re _ velo _ ang _ final _
 []

[27]
Overfull \hbox (2.77608pt too wide) in paragraph at lines 1401--1407
[][]\OT1/cmr/m/n/10 De Nazelle, Au-drey, Mark J Nieuwen-hui-jsen, Josep M Anto
, Michael Brauer,
 []

[28]
Overfull \hbox (22.663pt too wide) in paragraph at lines 1499--1504
\OT1/cmr/m/n/10 Trade.'' \OT1/cmr/m/it/10 Econo-met-rics \OT1/cmr/m/n/10 6 (1):
 9. []$\OT1/cmtt/m/n/10 https : / / doi . org / 10 . 3390 / econometrics6010009
$[]\OT1/cmr/m/n/10 . 
 []


Overfull \hbox (36.24675pt too wide) in paragraph at lines 1505--1510
\OT1/cmtt/m/n/10 / / transformlab . ryerson . ca / wp -[] content / uploads / 2
016 / 10 / Cycling -[] potential -[]
 []


Underfull \vbox (badness 1314) has occurred while \output is active []

[29] [30]
Overfull \hbox (14.19093pt too wide) in paragraph at lines 1601--1607
\OT1/cmr/m/it/10 Trans-port Ge-og-ra-phy \OT1/cmr/m/n/10 78 (June): 56--69. []$
\OT1/cmtt/m/n/10 https : / / doi . org / 10 . 1016 / j . jtrangeo .
 []


Overfull \hbox (13.13951pt too wide) in paragraph at lines 1620--1626
[][]\OT1/cmr/m/n/10 Skov-Petersen, Hans, Bern-hard Barkow, Thomas Lund-hede, an
d Jette Bredahl
 []


Overfull \hbox (11.52481pt too wide) in paragraph at lines 1632--1637
\OT1/cmtt/m/n/10 Increasing -[] Cycling -[] in -[] Canada -[] A -[] Guide -[] t
o -[] What -[] Works -[] 2019 -[] 09 -[] 25 . pdf$[]\OT1/cmr/m/n/10 . 
 []

[31]
Overfull \hbox (4.6673pt too wide) in paragraph at lines 1668--1675
[][]\OT1/cmr/m/n/10 Zahabi, Seyed Amir H., An-nie Chang, Luis F. Miranda-Moreno
, and Zachary
 []

No file BE-correlates-cycling-flows.bbl.
Package atveryend Info: Empty hook `BeforeClearDocument' on input line 1688.
[32]
Package atveryend Info: Empty hook `AfterLastShipout' on input line 1688.
(BE-correlates-cycling-flows.aux)
Package atveryend Info: Executing hook `AtVeryEndDocument' on input line 1688.
Package atveryend Info: Executing hook `AtEndAfterFileList' on input line 1688.

Package rerunfilecheck Info: File `BE-correlates-cycling-flows.out' has not cha
nged.
(rerunfilecheck)             Checksum: E06B4109051A92F28A35B93F251F5DB7;361.

LaTeX Font Warning: Size substitutions with differences
(Font)              up to 1.0pt have occurred.


LaTeX Warning: There were multiply-defined labels.

Package atveryend Info: Empty hook `AtVeryVeryEnd' on input line 1688.
 ) 
Here is how much of TeX's memory you used:
 8197 strings out of 492453
 117474 string characters out of 3129816
 263220 words of memory out of 3000000
 12263 multiletter control sequences out of 15000+200000
 12660 words of font info for 46 fonts, out of 3000000 for 9000
 1141 hyphenation exceptions out of 8191
 31i,12n,37p,390b,362s stack positions out of 5000i,500n,10000p,200000b,50000s
<C:/Program Files/MiKTeX 2.9/fonts/type1/public/amsfonts/cm/cmbsy10.pfb><C:/P
rogram Files/MiKTeX 2.9/fonts/type1/public/amsfonts/cm/cmbx10.pfb><C:/Program F
iles/MiKTeX 2.9/fonts/type1/public/amsfonts/cm/cmbx12.pfb><C:/Program Files/MiK
TeX 2.9/fonts/type1/public/amsfonts/cm/cmbx8.pfb><C:/Program Files/MiKTeX 2.9/f
onts/type1/public/amsfonts/cm/cmmi10.pfb><C:/Program Files/MiKTeX 2.9/fonts/typ
e1/public/amsfonts/cm/cmmi5.pfb><C:/Program Files/MiKTeX 2.9/fonts/type1/public
/amsfonts/cm/cmmi7.pfb><C:/Program Files/MiKTeX 2.9/fonts/type1/public/amsfonts
/cm/cmmi8.pfb><C:/Program Files/MiKTeX 2.9/fonts/type1/public/amsfonts/cm/cmr10
.pfb><C:/Program Files/MiKTeX 2.9/fonts/type1/public/amsfonts/cm/cmr5.pfb><C:/P
rogram Files/MiKTeX 2.9/fonts/type1/public/amsfonts/cm/cmr6.pfb><C:/Program Fil
es/MiKTeX 2.9/fonts/type1/public/amsfonts/cm/cmr7.pfb><C:/Program Files/MiKTeX 
2.9/fonts/type1/public/amsfonts/cm/cmr8.pfb><C:/Program Files/MiKTeX 2.9/fonts/
type1/public/amsfonts/cm/cmr9.pfb><C:/Program Files/MiKTeX 2.9/fonts/type1/publ
ic/amsfonts/cm/cmsy10.pfb><C:/Program Files/MiKTeX 2.9/fonts/type1/public/amsfo
nts/cm/cmsy5.pfb><C:/Program Files/MiKTeX 2.9/fonts/type1/public/amsfonts/cm/cm
ti10.pfb><C:/Program Files/MiKTeX 2.9/fonts/type1/public/amsfonts/cm/cmti8.pfb>
<C:/Program Files/MiKTeX 2.9/fonts/type1/public/amsfonts/cm/cmti9.pfb><C:/Progr
am Files/MiKTeX 2.9/fonts/type1/public/amsfonts/cm/cmtt10.pfb><C:/Program Files
/MiKTeX 2.9/fonts/type1/public/amsfonts/cm/cmtt8.pfb>
Output written on BE-correlates-cycling-flows.pdf (32 pages, 1272580 bytes).
PDF statistics:
 604 PDF objects out of 1000 (max. 8388607)
 167 named destinations out of 1000 (max. 500000)
 95 words of extra memory for PDF output out of 10000 (max. 10000000)

