This is pdfTeX, Version 3.141592653-2.6-1.40.22 (TeX Live 2021/W32TeX) (preloaded format=pdflatex 2021.4.9)  26 APR 2021 14:56
entering extended mode
 restricted \write18 enabled.
 %&-line parsing enabled.
**Correlates-cycling-flows-routes.tex
(./Correlates-cycling-flows-routes.tex
LaTeX2e <2020-10-01> patch level 4
L3 programming layer <2021-02-18> (./svjour3.cls
Document Class: svjour3 2007/05/08 v3.2 
LaTeX document class for Springer journals
Class Springer-SVJour3 Info: extra/valid Springer sub-package (-> *.clo) 
(Springer-SVJour3)           not found in option list of \documentclass
(Springer-SVJour3)           - autoactivating "global" style.
(./svglov3.clo
File: svglov3.clo 2009/12/18 v3.2 style option for standardised journals
SVJour Class option: svglov3.clo for standardised journals
)
LaTeX Font Info:    Redeclaring math symbol \Gamma on input line 147.
LaTeX Font Info:    Redeclaring math symbol \Delta on input line 148.
LaTeX Font Info:    Redeclaring math symbol \Theta on input line 149.
LaTeX Font Info:    Redeclaring math symbol \Lambda on input line 150.
LaTeX Font Info:    Redeclaring math symbol \Xi on input line 151.
LaTeX Font Info:    Redeclaring math symbol \Pi on input line 152.
LaTeX Font Info:    Redeclaring math symbol \Sigma on input line 153.
LaTeX Font Info:    Redeclaring math symbol \Upsilon on input line 154.
LaTeX Font Info:    Redeclaring math symbol \Phi on input line 155.
LaTeX Font Info:    Redeclaring math symbol \Psi on input line 156.
LaTeX Font Info:    Redeclaring math symbol \Omega on input line 157.
\logodepth=\dimen138
\headerboxheight=\dimen139
\betweenumberspace=\dimen140
\aftertext=\dimen141
\headlineindent=\dimen142
\c@inst=\count179
\c@auth=\count180
\instindent=\dimen143
\authrun=\box47
\authorrunning=\toks15
\titrun=\box48
\titlerunning=\toks16
\combirun=\box49
\c@lastpage=\count181
\rubricwidth=\dimen144
\c@section=\count182
\c@subsection=\count183
\c@subsubsection=\count184
\c@paragraph=\count185
\c@subparagraph=\count186
\spthmsep=\dimen145
\c@theorem=\count187
\c@case=\count188
\c@conjecture=\count189
\c@corollary=\count190
\c@definition=\count191
\c@example=\count192
\c@exercise=\count193
\c@lemma=\count194
\c@note=\count195
\c@problem=\count196
\c@property=\count197
\c@proposition=\count198
\c@question=\count199
\c@solution=\count266
\c@remark=\count267
\c@figure=\count268
\c@table=\count269
\abovecaptionskip=\skip47
\belowcaptionskip=\skip48
\figcapgap=\dimen146
\tabcapgap=\dimen147
\figgap=\dimen148
\bibindent=\dimen149
\@tempcntc=\count270
)
(c:/Users/paezha/AppData/Roaming/TinyTeX/texmf-dist/tex/latex/amsmath/amsmath.s
ty
Package: amsmath 2020/09/23 v2.17i AMS math features
\@mathmargin=\skip49
For additional information on amsmath, use the `?' option.

(c:/Users/paezha/AppData/Roaming/TinyTeX/texmf-dist/tex/latex/amsmath/amstext.s
ty
Package: amstext 2000/06/29 v2.01 AMS text

(c:/Users/paezha/AppData/Roaming/TinyTeX/texmf-dist/tex/latex/amsmath/amsgen.st
y
File: amsgen.sty 1999/11/30 v2.0 generic functions
\@emptytoks=\toks17
\ex@=\dimen150
))
(c:/Users/paezha/AppData/Roaming/TinyTeX/texmf-dist/tex/latex/amsmath/amsbsy.st
y
Package: amsbsy 1999/11/29 v1.2d Bold Symbols
\pmbraise@=\dimen151
)
(c:/Users/paezha/AppData/Roaming/TinyTeX/texmf-dist/tex/latex/amsmath/amsopn.st
y
Package: amsopn 2016/03/08 v2.02 operator names
)
\inf@bad=\count271
LaTeX Info: Redefining \frac on input line 234.
\uproot@=\count272
\leftroot@=\count273
LaTeX Info: Redefining \overline on input line 399.
\classnum@=\count274
\DOTSCASE@=\count275
LaTeX Info: Redefining \ldots on input line 496.
LaTeX Info: Redefining \dots on input line 499.
LaTeX Info: Redefining \cdots on input line 620.
\Mathstrutbox@=\box50
\strutbox@=\box51
\big@size=\dimen152
LaTeX Font Info:    Redeclaring font encoding OML on input line 743.
LaTeX Font Info:    Redeclaring font encoding OMS on input line 744.
\macc@depth=\count276
\c@MaxMatrixCols=\count277
\dotsspace@=\muskip16
\c@parentequation=\count278
\dspbrk@lvl=\count279
\tag@help=\toks18
\row@=\count280
\column@=\count281
\maxfields@=\count282
\andhelp@=\toks19
\eqnshift@=\dimen153
\alignsep@=\dimen154
\tagshift@=\dimen155
\tagwidth@=\dimen156
\totwidth@=\dimen157
\lineht@=\dimen158
\@envbody=\toks20
\multlinegap=\skip50
\multlinetaggap=\skip51
\mathdisplay@stack=\toks21
LaTeX Info: Redefining \[ on input line 2923.
LaTeX Info: Redefining \] on input line 2924.
)
(c:/Users/paezha/AppData/Roaming/TinyTeX/texmf-dist/tex/latex/graphics/graphicx
.sty
Package: graphicx 2020/09/09 v1.2b Enhanced LaTeX Graphics (DPC,SPQR)

(c:/Users/paezha/AppData/Roaming/TinyTeX/texmf-dist/tex/latex/graphics/keyval.s
ty
Package: keyval 2014/10/28 v1.15 key=value parser (DPC)
\KV@toks@=\toks22
)
(c:/Users/paezha/AppData/Roaming/TinyTeX/texmf-dist/tex/latex/graphics/graphics
.sty
Package: graphics 2020/08/30 v1.4c Standard LaTeX Graphics (DPC,SPQR)

(c:/Users/paezha/AppData/Roaming/TinyTeX/texmf-dist/tex/latex/graphics/trig.sty
Package: trig 2016/01/03 v1.10 sin cos tan (DPC)
)
(c:/Users/paezha/AppData/Roaming/TinyTeX/texmf-dist/tex/latex/graphics-cfg/grap
hics.cfg
File: graphics.cfg 2016/06/04 v1.11 sample graphics configuration
)
Package graphics Info: Driver file: pdftex.def on input line 105.

(c:/Users/paezha/AppData/Roaming/TinyTeX/texmf-dist/tex/latex/graphics-def/pdft
ex.def
File: pdftex.def 2020/10/05 v1.2a Graphics/color driver for pdftex
))
\Gin@req@height=\dimen159
\Gin@req@width=\dimen160
)
(c:/Users/paezha/AppData/Roaming/TinyTeX/texmf-dist/tex/latex/base/inputenc.sty
Package: inputenc 2020/08/01 v1.3d Input encoding file
\inpenc@prehook=\toks23
\inpenc@posthook=\toks24
) (c:/Users/paezha/AppData/Roaming/TinyTeX/texmf-dist/tex/latex/url/url.sty
\Urlmuskip=\muskip17
Package: url 2013/09/16  ver 3.4  Verb mode for urls, etc.
)
(c:/Users/paezha/AppData/Roaming/TinyTeX/texmf-dist/tex/latex/hyperref/hyperref
.sty
Package: hyperref 2021-02-27 v7.00k Hypertext links for LaTeX

(c:/Users/paezha/AppData/Roaming/TinyTeX/texmf-dist/tex/generic/ltxcmds/ltxcmds
.sty
Package: ltxcmds 2020-05-10 v1.25 LaTeX kernel commands for general use (HO)
)
(c:/Users/paezha/AppData/Roaming/TinyTeX/texmf-dist/tex/generic/iftex/iftex.sty
Package: iftex 2020/03/06 v1.0d TeX engine tests
)
(c:/Users/paezha/AppData/Roaming/TinyTeX/texmf-dist/tex/generic/pdftexcmds/pdft
excmds.sty
Package: pdftexcmds 2020-06-27 v0.33 Utility functions of pdfTeX for LuaTeX (HO
)

(c:/Users/paezha/AppData/Roaming/TinyTeX/texmf-dist/tex/generic/infwarerr/infwa
rerr.sty
Package: infwarerr 2019/12/03 v1.5 Providing info/warning/error messages (HO)
)
Package pdftexcmds Info: \pdf@primitive is available.
Package pdftexcmds Info: \pdf@ifprimitive is available.
Package pdftexcmds Info: \pdfdraftmode found.
)
(c:/Users/paezha/AppData/Roaming/TinyTeX/texmf-dist/tex/generic/kvsetkeys/kvset
keys.sty
Package: kvsetkeys 2019/12/15 v1.18 Key value parser (HO)
)
(c:/Users/paezha/AppData/Roaming/TinyTeX/texmf-dist/tex/generic/kvdefinekeys/kv
definekeys.sty
Package: kvdefinekeys 2019-12-19 v1.6 Define keys (HO)
)
(c:/Users/paezha/AppData/Roaming/TinyTeX/texmf-dist/tex/generic/pdfescape/pdfes
cape.sty
Package: pdfescape 2019/12/09 v1.15 Implements pdfTeX's escape features (HO)
)
(c:/Users/paezha/AppData/Roaming/TinyTeX/texmf-dist/tex/latex/hycolor/hycolor.s
ty
Package: hycolor 2020-01-27 v1.10 Color options for hyperref/bookmark (HO)
)
(c:/Users/paezha/AppData/Roaming/TinyTeX/texmf-dist/tex/latex/letltxmacro/letlt
xmacro.sty
Package: letltxmacro 2019/12/03 v1.6 Let assignment for LaTeX macros (HO)
)
(c:/Users/paezha/AppData/Roaming/TinyTeX/texmf-dist/tex/latex/auxhook/auxhook.s
ty
Package: auxhook 2019-12-17 v1.6 Hooks for auxiliary files (HO)
)
(c:/Users/paezha/AppData/Roaming/TinyTeX/texmf-dist/tex/latex/kvoptions/kvoptio
ns.sty
Package: kvoptions 2020-10-07 v3.14 Key value format for package options (HO)
)
\@linkdim=\dimen161
\Hy@linkcounter=\count283
\Hy@pagecounter=\count284

(c:/Users/paezha/AppData/Roaming/TinyTeX/texmf-dist/tex/latex/hyperref/pd1enc.d
ef
File: pd1enc.def 2021-02-27 v7.00k Hyperref: PDFDocEncoding definition (HO)
Now handling font encoding PD1 ...
... no UTF-8 mapping file for font encoding PD1
)
(c:/Users/paezha/AppData/Roaming/TinyTeX/texmf-dist/tex/latex/hyperref/hyperref
-langpatches.def
File: hyperref-langpatches.def 2021-02-27 v7.00k Hyperref: patches for babel la
nguages
)
(c:/Users/paezha/AppData/Roaming/TinyTeX/texmf-dist/tex/generic/intcalc/intcalc
.sty
Package: intcalc 2019/12/15 v1.3 Expandable calculations with integers (HO)
)
(c:/Users/paezha/AppData/Roaming/TinyTeX/texmf-dist/tex/generic/etexcmds/etexcm
ds.sty
Package: etexcmds 2019/12/15 v1.7 Avoid name clashes with e-TeX commands (HO)
)
\Hy@SavedSpaceFactor=\count285

(c:/Users/paezha/AppData/Roaming/TinyTeX/texmf-dist/tex/latex/hyperref/puenc.de
f
File: puenc.def 2021-02-27 v7.00k Hyperref: PDF Unicode definition (HO)
Now handling font encoding PU ...
... no UTF-8 mapping file for font encoding PU
)
Package hyperref Info: Hyper figures OFF on input line 4192.
Package hyperref Info: Link nesting OFF on input line 4197.
Package hyperref Info: Hyper index ON on input line 4200.
Package hyperref Info: Plain pages OFF on input line 4207.
Package hyperref Info: Backreferencing OFF on input line 4212.
Package hyperref Info: Implicit mode ON; LaTeX internals redefined.
Package hyperref Info: Bookmarks ON on input line 4445.
\c@Hy@tempcnt=\count286
LaTeX Info: Redefining \url on input line 4804.
\XeTeXLinkMargin=\dimen162

(c:/Users/paezha/AppData/Roaming/TinyTeX/texmf-dist/tex/generic/bitset/bitset.s
ty
Package: bitset 2019/12/09 v1.3 Handle bit-vector datatype (HO)

(c:/Users/paezha/AppData/Roaming/TinyTeX/texmf-dist/tex/generic/bigintcalc/bigi
ntcalc.sty
Package: bigintcalc 2019/12/15 v1.5 Expandable calculations on big integers (HO
)
))
\Fld@menulength=\count287
\Field@Width=\dimen163
\Fld@charsize=\dimen164
Package hyperref Info: Hyper figures OFF on input line 6075.
Package hyperref Info: Link nesting OFF on input line 6080.
Package hyperref Info: Hyper index ON on input line 6083.
Package hyperref Info: backreferencing OFF on input line 6090.
Package hyperref Info: Link coloring OFF on input line 6095.
Package hyperref Info: Link coloring with OCG OFF on input line 6100.
Package hyperref Info: PDF/A mode OFF on input line 6105.
LaTeX Info: Redefining \ref on input line 6145.
LaTeX Info: Redefining \pageref on input line 6149.

(c:/Users/paezha/AppData/Roaming/TinyTeX/texmf-dist/tex/latex/base/atbegshi-ltx
.sty
Package: atbegshi-ltx 2020/08/17 v1.0a Emulation of the original atbegshi packa
ge
with kernel methods
)
\Hy@abspage=\count288
\c@Item=\count289
\c@Hfootnote=\count290
)
Package hyperref Info: Driver (autodetected): hpdftex.

(c:/Users/paezha/AppData/Roaming/TinyTeX/texmf-dist/tex/latex/hyperref/hpdftex.
def
File: hpdftex.def 2021-02-27 v7.00k Hyperref driver for pdfTeX

(c:/Users/paezha/AppData/Roaming/TinyTeX/texmf-dist/tex/latex/base/atveryend-lt
x.sty
Package: atveryend-ltx 2020/08/19 v1.0a Emulation of the original atvery packag
e
with kernel methods
)
\Fld@listcount=\count291
\c@bookmark@seq@number=\count292

(c:/Users/paezha/AppData/Roaming/TinyTeX/texmf-dist/tex/latex/rerunfilecheck/re
runfilecheck.sty
Package: rerunfilecheck 2019/12/05 v1.9 Rerun checks for auxiliary files (HO)

(c:/Users/paezha/AppData/Roaming/TinyTeX/texmf-dist/tex/generic/uniquecounter/u
niquecounter.sty
Package: uniquecounter 2019/12/15 v1.4 Provide unlimited unique counter (HO)
)
Package uniquecounter Info: New unique counter `rerunfilecheck' on input line 2
86.
)
\Hy@SectionHShift=\skip52
)
\csllabelwidth=\skip53
\cslhangindent=\skip54
(c:/Users/paezha/AppData/Roaming/TinyTeX/texmf-dist/tex/latex/tools/calc.sty
Package: calc 2017/05/25 v4.3 Infix arithmetic (KKT,FJ)
\calc@Acount=\count293
\calc@Bcount=\count294
\calc@Adimen=\dimen165
\calc@Bdimen=\dimen166
\calc@Askip=\skip55
\calc@Bskip=\skip56
LaTeX Info: Redefining \setlength on input line 80.
LaTeX Info: Redefining \addtolength on input line 81.
\calc@Ccount=\count295
\calc@Cskip=\skip57
)
(c:/Users/paezha/AppData/Roaming/TinyTeX/texmf-dist/tex/latex/xcolor/xcolor.sty
Package: xcolor 2016/05/11 v2.12 LaTeX color extensions (UK)

(c:/Users/paezha/AppData/Roaming/TinyTeX/texmf-dist/tex/latex/graphics-cfg/colo
r.cfg
File: color.cfg 2016/01/02 v1.6 sample color configuration
)
Package xcolor Info: Driver file: pdftex.def on input line 225.
Package xcolor Info: Model `cmy' substituted by `cmy0' on input line 1348.
Package xcolor Info: Model `hsb' substituted by `rgb' on input line 1352.
Package xcolor Info: Model `RGB' extended on input line 1364.
Package xcolor Info: Model `HTML' substituted by `rgb' on input line 1366.
Package xcolor Info: Model `Hsb' substituted by `hsb' on input line 1367.
Package xcolor Info: Model `tHsb' substituted by `hsb' on input line 1368.
Package xcolor Info: Model `HSB' substituted by `hsb' on input line 1369.
Package xcolor Info: Model `Gray' substituted by `gray' on input line 1370.
Package xcolor Info: Model `wave' substituted by `hsb' on input line 1371.
)
(c:/Users/paezha/AppData/Roaming/TinyTeX/texmf-dist/tex/latex/booktabs/booktabs
.sty
Package: booktabs 2020/01/12 v1.61803398 Publication quality tables
\heavyrulewidth=\dimen167
\lightrulewidth=\dimen168
\cmidrulewidth=\dimen169
\belowrulesep=\dimen170
\belowbottomsep=\dimen171
\aboverulesep=\dimen172
\abovetopsep=\dimen173
\cmidrulesep=\dimen174
\cmidrulekern=\dimen175
\defaultaddspace=\dimen176
\@cmidla=\count296
\@cmidlb=\count297
\@aboverulesep=\dimen177
\@belowrulesep=\dimen178
\@thisruleclass=\count298
\@lastruleclass=\count299
\@thisrulewidth=\dimen179
)
(c:/Users/paezha/AppData/Roaming/TinyTeX/texmf-dist/tex/latex/tools/longtable.s
ty
Package: longtable 2020/01/07 v4.13 Multi-page Table package (DPC)
\LTleft=\skip58
\LTright=\skip59
\LTpre=\skip60
\LTpost=\skip61
\LTchunksize=\count300
\LTcapwidth=\dimen180
\LT@head=\box52
\LT@firsthead=\box53
\LT@foot=\box54
\LT@lastfoot=\box55
\LT@cols=\count301
\LT@rows=\count302
\c@LT@tables=\count303
\c@LT@chunks=\count304
\LT@p@ftn=\toks25
) (c:/Users/paezha/AppData/Roaming/TinyTeX/texmf-dist/tex/latex/tools/array.sty
Package: array 2020/10/01 v2.5c Tabular extension package (FMi)
\col@sep=\dimen181
\ar@mcellbox=\box56
\extrarowheight=\dimen182
\NC@list=\toks26
\extratabsurround=\skip62
\backup@length=\skip63
\ar@cellbox=\box57
)
(c:/Users/paezha/AppData/Roaming/TinyTeX/texmf-dist/tex/latex/multirow/multirow
.sty
Package: multirow 2021/03/15 v2.8 Span multiple rows of a table
\multirow@colwidth=\skip64
\multirow@cntb=\count305
\multirow@dima=\skip65
\bigstrutjot=\dimen183
)
(c:/Users/paezha/AppData/Roaming/TinyTeX/texmf-dist/tex/latex/wrapfig/wrapfig.s
ty
\wrapoverhang=\dimen184
\WF@size=\dimen185
\c@WF@wrappedlines=\count306
\WF@box=\box58
\WF@everypar=\toks27
Package: wrapfig 2003/01/31  v 3.6
) (c:/Users/paezha/AppData/Roaming/TinyTeX/texmf-dist/tex/latex/float/float.sty
Package: float 2001/11/08 v1.3d Float enhancements (AL)
\c@float@type=\count307
\float@exts=\toks28
\float@box=\box59
\@float@everytoks=\toks29
\@floatcapt=\box60
)
(c:/Users/paezha/AppData/Roaming/TinyTeX/texmf-dist/tex/latex/colortbl/colortbl
.sty
Package: colortbl 2020/01/04 v1.0e Color table columns (DPC)
\everycr=\toks30
\minrowclearance=\skip66
)
(c:/Users/paezha/AppData/Roaming/TinyTeX/texmf-dist/tex/latex/pdflscape/pdflsca
pe.sty
Package: pdflscape 2019/12/05 v0.12 Display of landscape pages in PDF (HO)

(c:/Users/paezha/AppData/Roaming/TinyTeX/texmf-dist/tex/latex/graphics/lscape.s
ty
Package: lscape 2020/05/28 v3.02 Landscape Pages (DPC)
)
Package pdflscape Info: Auto-detected driver: pdftex on input line 81.
) (c:/Users/paezha/AppData/Roaming/TinyTeX/texmf-dist/tex/latex/tabu/tabu.sty
Package: tabu 2019/01/11 v2.9 - flexible LaTeX tabulars (FC+tabu-fixed)

(c:/Users/paezha/AppData/Roaming/TinyTeX/texmf-dist/tex/latex/varwidth/varwidth
.sty
Package: varwidth 2009/03/30 ver 0.92;  Variable-width minipages
\@vwid@box=\box61
\sift@deathcycles=\count308
\@vwid@loff=\dimen186
\@vwid@roff=\dimen187
)
\c@taburow=\count309
\tabu@nbcols=\count310
\tabu@cnt=\count311
\tabu@Xcol=\count312
\tabu@alloc=\count313
\tabu@nested=\count314
\tabu@target=\dimen188
\tabu@spreadtarget=\dimen189
\tabu@naturalX=\dimen190
\tabucolX=\dimen191
\tabu@Xsum=\dimen192
\extrarowdepth=\dimen193
\abovetabulinesep=\dimen194
\belowtabulinesep=\dimen195
\tabustrutrule=\dimen196
\tabu@thebody=\toks31
\tabu@footnotes=\toks32
\tabu@box=\box62
\tabu@arstrutbox=\box63
\tabu@hleads=\box64
\tabu@vleads=\box65
\tabu@cellskip=\skip67
)
(c:/Users/paezha/AppData/Roaming/TinyTeX/texmf-dist/tex/latex/threeparttable/th
reeparttable.sty
Package: threeparttable 2003/06/13  v 3.0
\@tempboxb=\box66
)
(c:/Users/paezha/AppData/Roaming/TinyTeX/texmf-dist/tex/latex/threeparttablex/t
hreeparttablex.sty
Package: threeparttablex 2013/07/23 v0.3 by daleif

(c:/Users/paezha/AppData/Roaming/TinyTeX/texmf-dist/tex/latex/environ/environ.s
ty
Package: environ 2014/05/04 v0.3 A new way to define environments

(c:/Users/paezha/AppData/Roaming/TinyTeX/texmf-dist/tex/latex/trimspaces/trimsp
aces.sty
Package: trimspaces 2009/09/17 v1.1 Trim spaces around a token list
))
\TPTL@width=\skip68
) (c:/Users/paezha/AppData/Roaming/TinyTeX/texmf-dist/tex/generic/ulem/ulem.sty
\UL@box=\box67
\UL@hyphenbox=\box68
\UL@skip=\skip69
\UL@hook=\toks33
\UL@height=\dimen197
\UL@pe=\count315
\UL@pixel=\dimen198
\ULC@box=\box69
Package: ulem 2019/11/18
\ULdepth=\dimen199
)
(c:/Users/paezha/AppData/Roaming/TinyTeX/texmf-dist/tex/latex/makecell/makecell
.sty
Package: makecell 2009/08/03 V0.1e Managing of Tab Column Heads and Cells
\rotheadsize=\dimen256
\c@nlinenum=\count316
\TeXr@lab=\toks34
)
(c:/Users/paezha/AppData/Roaming/TinyTeX/texmf-dist/tex/latex/l3backend/l3backe
nd-pdftex.def
File: l3backend-pdftex.def 2021-03-18 L3 backend support: PDF output (pdfTeX)
\l__color_backend_stack_int=\count317
\l__pdf_internal_box=\box70
) (./Correlates-cycling-flows-routes.aux

LaTeX Warning: Label `tab:model-comparison' multiply defined.


LaTeX Warning: Label `tab:all-models' multiply defined.

)
\openout1 = `Correlates-cycling-flows-routes.aux'.

LaTeX Font Info:    Checking defaults for OML/cmm/m/it on input line 77.
LaTeX Font Info:    ... okay on input line 77.
LaTeX Font Info:    Checking defaults for OMS/cmsy/m/n on input line 77.
LaTeX Font Info:    ... okay on input line 77.
LaTeX Font Info:    Checking defaults for OT1/cmr/m/n on input line 77.
LaTeX Font Info:    ... okay on input line 77.
LaTeX Font Info:    Checking defaults for T1/cmr/m/n on input line 77.
LaTeX Font Info:    ... okay on input line 77.
LaTeX Font Info:    Checking defaults for TS1/cmr/m/n on input line 77.
LaTeX Font Info:    ... okay on input line 77.
LaTeX Font Info:    Checking defaults for OMX/cmex/m/n on input line 77.
LaTeX Font Info:    ... okay on input line 77.
LaTeX Font Info:    Checking defaults for U/cmr/m/n on input line 77.
LaTeX Font Info:    ... okay on input line 77.
LaTeX Font Info:    Checking defaults for PD1/pdf/m/n on input line 77.
LaTeX Font Info:    ... okay on input line 77.
LaTeX Font Info:    Checking defaults for PU/pdf/m/n on input line 77.
LaTeX Font Info:    ... okay on input line 77.
Unknown journal: specify \journalname{<name of your journal>} in preambel


(c:/Users/paezha/AppData/Roaming/TinyTeX/texmf-dist/tex/latex/epstopdf-pkg/epst
opdf-base.sty
Package: epstopdf-base 2020-01-24 v2.11 Base part for package epstopdf
Package epstopdf-base Info: Redefining graphics rule for `.eps' on input line 4
85.

(c:/Users/paezha/AppData/Roaming/TinyTeX/texmf-dist/tex/latex/latexconfig/epsto
pdf-sys.cfg
File: epstopdf-sys.cfg 2010/07/13 v1.3 Configuration of (r)epstopdf for TeX Liv
e
))
Package hyperref Info: Link coloring OFF on input line 77.

(c:/Users/paezha/AppData/Roaming/TinyTeX/texmf-dist/tex/latex/hyperref/nameref.
sty
Package: nameref 2021-04-02 v2.47 Cross-referencing by name of section

(c:/Users/paezha/AppData/Roaming/TinyTeX/texmf-dist/tex/latex/refcount/refcount
.sty
Package: refcount 2019/12/15 v3.6 Data extraction from label references (HO)
)
(c:/Users/paezha/AppData/Roaming/TinyTeX/texmf-dist/tex/generic/gettitlestring/
gettitlestring.sty
Package: gettitlestring 2019/12/15 v1.6 Cleanup title references (HO)
)
\c@section@level=\count318
)
LaTeX Info: Redefining \ref on input line 77.
LaTeX Info: Redefining \pageref on input line 77.
LaTeX Info: Redefining \nameref on input line 77.
(./Correlates-cycling-flows-routes.out) (./Correlates-cycling-flows-routes.out)
\@outlinefile=\write3
\openout3 = `Correlates-cycling-flows-routes.out'.

SVJour3 warning: Missing \journalname

LaTeX Font Warning: Font shape `OT1/cmr/bx/n' in size <13> not available
(Font)              size <12> substituted on input line 122.


SVJour3 Warning: Title too long for running head.
Please supply a shorter form with \titlerunning prior to \maketitle

Underfull \hbox (badness 10000) in paragraph at lines 124--152

 []

[1{c:/Users/paezha/AppData/Roaming/TinyTeX/texmf-var/fonts/map/pdftex/updmap/pd
ftex.map}] [2]
Overfull \hbox (9.49725pt too wide) in paragraph at lines 248--249
[][]$\OT1/cmtt/m/n/10 https : / / github . com / paezha / Correlates -[] of -[]
 Cycling -[] Flows -[] Route -[]
 []

[3] [4] [5] [6] [7]
<Correlates-cycling-flows-routes_files/figure-latex/context-plot-1.pdf, id=102,
 469.755pt x 325.215pt>
File: Correlates-cycling-flows-routes_files/figure-latex/context-plot-1.pdf Gra
phic file (type pdf)
<use Correlates-cycling-flows-routes_files/figure-latex/context-plot-1.pdf>
Package pdftex.def Info: Correlates-cycling-flows-routes_files/figure-latex/con
text-plot-1.pdf  used on input line 538.
(pdftex.def)             Requested size: 469.75386pt x 325.2142pt.

Overfull \hbox (131.75386pt too wide) in paragraph at lines 538--542
 [][] 
 []

[8]
<Correlates-cycling-flows-routes_files/figure-latex/trips-by-origin-1.pdf, id=1
11, 469.755pt x 325.215pt>
File: Correlates-cycling-flows-routes_files/figure-latex/trips-by-origin-1.pdf 
Graphic file (type pdf)
<use Correlates-cycling-flows-routes_files/figure-latex/trips-by-origin-1.pdf>
Package pdftex.def Info: Correlates-cycling-flows-routes_files/figure-latex/tri
ps-by-origin-1.pdf  used on input line 547.
(pdftex.def)             Requested size: 469.75386pt x 325.2142pt.

Overfull \hbox (131.75386pt too wide) in paragraph at lines 547--550
 [][] 
 []

[9pdfTeX warning (ext4): destination with the same identifier (name{figure.1}) 
has been already used, duplicate ignored
<argument> ...shipout:D \box_use:N \l_shipout_box 
                                                  
l.579 
       <./Correlates-cycling-flows-routes_files/figure-latex/context-plot-1.pdf
>]
Underfull \vbox (badness 10000) has occurred while \output is active []

[10pdfTeX warning (ext4): destination with the same identifier (name{figure.2})
 has been already used, duplicate ignored
<argument> ...shipout:D \box_use:N \l_shipout_box 
                                                  
l.600 
       <./Correlates-cycling-flows-routes_files/figure-latex/trips-by-origin-1.
pdf>] [11] [12pdfTeX warning (ext4): destination with the same identifier (name
{table.1}) has been already used, duplicate ignored
<argument> ...shipout:D \box_use:N \l_shipout_box 
                                                  
l.700 
      ] [13] [14pdfTeX warning (ext4): destination with the same identifier (na
me{table.2}) has been already used, duplicate ignored
<argument> ...shipout:D \box_use:N \l_shipout_box 
                                                  
l.826 
      pdfTeX warning (ext4): destination with the same identifier (name{table.3
}) has been already used, duplicate ignored
<argument> ...shipout:D \box_use:N \l_shipout_box 
                                                  
l.826 
      ] [15] [16pdfTeX warning (ext4): destination with the same identifier (na
me{table.4}) has been already used, duplicate ignored
<argument> ...shipout:D \box_use:N \l_shipout_box 
                                                  
l.952 
      ] [17]

LaTeX Warning: Float too large for page by 66.41272pt on input line 1010.

[18pdfTeX warning (ext4): destination with the same identifier (name{table.5}) 
has been already used, duplicate ignored
<argument> ...shipout:D \box_use:N \l_shipout_box 
                                                  
l.1011 \end{landscape}
                      ]
Underfull \vbox (badness 5817) has occurred while \output is active []

[19


]
Overfull \hbox (20.90936pt too wide) in paragraph at lines 1092--1109
[]\OT1/cmr/m/n/10 As pre-vi-ously noted, the dif-fer-ences be-tween \OT1/cmr/m/
it/10 qui-etest \OT1/cmr/m/n/10 routes and \OT1/cmr/m/it/10 bal-anced\OT1/cmr/m
/n/10 /\OT1/cmr/m/it/10 fastest
 []

[20]
Underfull \vbox (badness 10000) has occurred while \output is active []

[21]
Underfull \vbox (badness 1609) has occurred while \output is active []

[22pdfTeX warning (ext4): destination with the same identifier (name{table.6}) 
has been already used, duplicate ignored
<argument> ...shipout:D \box_use:N \l_shipout_box 
                                                  
l.1257 
       ]
<Correlates-cycling-flows-routes_files/figure-latex/residuals-over-1.pdf, id=25
2, 469.755pt x 325.215pt>
File: Correlates-cycling-flows-routes_files/figure-latex/residuals-over-1.pdf G
raphic file (type pdf)
<use Correlates-cycling-flows-routes_files/figure-latex/residuals-over-1.pdf>
Package pdftex.def Info: Correlates-cycling-flows-routes_files/figure-latex/res
iduals-over-1.pdf  used on input line 1260.
(pdftex.def)             Requested size: 469.75386pt x 325.2142pt.

Overfull \hbox (131.75386pt too wide) in paragraph at lines 1260--1263
 [][] 
 []


Overfull \hbox (19.0285pt too wide) in paragraph at lines 1266--1303
[]\OT1/cmr/m/n/10 Similarly, by plot-ting the pos-i-tive resid-u-als, af-ter re
-mov-ing all origin-destination
 []

[23]
<Correlates-cycling-flows-routes_files/figure-latex/residuals-under-1.pdf, id=2
63, 469.755pt x 325.215pt>
File: Correlates-cycling-flows-routes_files/figure-latex/residuals-under-1.pdf 
Graphic file (type pdf)
<use Correlates-cycling-flows-routes_files/figure-latex/residuals-under-1.pdf>
Package pdftex.def Info: Correlates-cycling-flows-routes_files/figure-latex/res
iduals-under-1.pdf  used on input line 1315.
(pdftex.def)             Requested size: 469.75386pt x 325.2142pt.

Overfull \hbox (131.75386pt too wide) in paragraph at lines 1315--1318
 [][] 
 []

<Correlates-cycling-flows-routes_files/figure-latex/residuals-over-5km-1.pdf, i
d=264, 469.755pt x 325.215pt>
File: Correlates-cycling-flows-routes_files/figure-latex/residuals-over-5km-1.p
df Graphic file (type pdf)
<use Correlates-cycling-flows-routes_files/figure-latex/residuals-over-5km-1.pd
f>
Package pdftex.def Info: Correlates-cycling-flows-routes_files/figure-latex/res
iduals-over-5km-1.pdf  used on input line 1323.
(pdftex.def)             Requested size: 469.75386pt x 325.2142pt.

Overfull \hbox (131.75386pt too wide) in paragraph at lines 1323--1326
 [][] 
 []

<Correlates-cycling-flows-routes_files/figure-latex/residuals-under-5km-1.pdf, 
id=265, 469.755pt x 325.215pt>
File: Correlates-cycling-flows-routes_files/figure-latex/residuals-under-5km-1.
pdf Graphic file (type pdf)
<use Correlates-cycling-flows-routes_files/figure-latex/residuals-under-5km-1.p
df>
Package pdftex.def Info: Correlates-cycling-flows-routes_files/figure-latex/res
iduals-under-5km-1.pdf  used on input line 1331.
(pdftex.def)             Requested size: 469.75386pt x 325.2142pt.

Overfull \hbox (131.75386pt too wide) in paragraph at lines 1331--1334
 [][] 
 []


Underfull \vbox (badness 10000) has occurred while \output is active []

[24pdfTeX warning (ext4): destination with the same identifier (name{figure.3})
 has been already used, duplicate ignored
<argument> ...shipout:D \box_use:N \l_shipout_box 
                                                  
l.1361 
        <./Correlates-cycling-flows-routes_files/figure-latex/residuals-over-1.
pdf>] [25pdfTeX warning (ext4): destination with the same identifier (name{figu
re.4}) has been already used, duplicate ignored
<argument> ...shipout:D \box_use:N \l_shipout_box 
                                                  
l.1361 
        <./Correlates-cycling-flows-routes_files/figure-latex/residuals-under-1
.pdf>] [26pdfTeX warning (ext4): destination with the same identifier (name{fig
ure.5}) has been already used, duplicate ignored
<argument> ...shipout:D \box_use:N \l_shipout_box 
                                                  
l.1381 
        <./Correlates-cycling-flows-routes_files/figure-latex/residuals-over-5k
m-1.pdf>]
Underfull \vbox (badness 10000) has occurred while \output is active []

[27pdfTeX warning (ext4): destination with the same identifier (name{figure.6})
 has been already used, duplicate ignored
<argument> ...shipout:D \box_use:N \l_shipout_box 
                                                  
l.1415 
        <./Correlates-cycling-flows-routes_files/figure-latex/residuals-under-5
km-1.pdf>]
Underfull \vbox (badness 10000) has occurred while \output is active []

[28] [29]
Overfull \hbox (165.91776pt too wide) in paragraph at lines 1547--1550
[][]\OT1/cmr/m/n/10 City of Cal-gary. 2011. ``Cy-cling Strat-egy.'' https://www
.calgary.ca/Transportation/TP/Documents/cycling/Cycling-
 []


Overfull \hbox (49.55637pt too wide) in paragraph at lines 1551--1555
\OT1/cmr/m/n/10 view and Up-date.'' https://www.hamilton.ca/sites/default/files
/media/browser/2018-
 []


Overfull \hbox (207.13998pt too wide) in paragraph at lines 1556--1559
[][]\OT1/cmr/m/n/10 ---------. 2018b. ``Cy-cling Mas-ter Plan Re-view and Up-da
te.'' https://www.hamilton.ca/sites/default/files/media/browser/2018-
 []


Overfull \hbox (27.6119pt too wide) in paragraph at lines 1560--1564
\OT1/cmr/m/n/10 and Up-date.'' https://www.hamilton.ca/sites/default/files/medi
a/browser/2014-
 []


Overfull \hbox (308.43483pt too wide) in paragraph at lines 1565--1569
\OT1/cmr/m/n/10 Safety, Ef-fi-ciency, Au-dac-ity.'' https://ville.montreal.qc.c
a/pls/portal/docs/page/transports[]fr/media/documents/plan[]cadre[]velo[]ang[]f
inal[]lr.pdf. 
 []


Overfull \hbox (151.4733pt too wide) in paragraph at lines 1570--1573
[][]\OT1/cmr/m/n/10 City of Van-cou-ver. 2012. ``Trans-porta-tion 2040: Mov-ing
 For-ward.'' https://vancouver.ca/files/cov/transportation-
 []


Overfull \hbox (198.68456pt too wide) in paragraph at lines 1585--1588
[][]\OT1/cmr/m/n/10 ---------. 2018. ``2016 TTS: De-sign and Con-duct of the Su
r-vey.'' http://dmg.utoronto.ca/pdf/tts/2016/2016TTS[]Conduct.pdf. 
 []

[30]
Overfull \hbox (151.9872pt too wide) in paragraph at lines 1621--1624
[][]\OT1/cmr/m/n/10 Geller, Roger. 2006. ``Four Types of Cy-clists.'' https://w
ww.portlandoregon.gov/transportation/44597?a=237507. 
 []


Overfull \hbox (4.7769pt too wide) in paragraph at lines 1632--1639
\OT1/cmr/m/n/10 Cham: Springer In-ter-na-tional Pub-lish-ing. []$\OT1/cmtt/m/n/
10 https : / / doi . org / 10 . 1007 / 978 -[]
 []


Overfull \hbox (24.75072pt too wide) in paragraph at lines 1640--1644
\OT1/cmr/m/n/10 panded.'' https://www.hamilton.ca/government-information/news-c
entre/news-
 []

[31]
Overfull \hbox (4.1812pt too wide) in paragraph at lines 1667--1672
[][]\OT1/cmr/m/n/10 Jacqmin-Gadda, H^^Sel^^Rene, Daniel Com-menges, Chakib Ne-j
-jari, and Jean-Fran^^Xcois
 []


Overfull \hbox (3.94135pt too wide) in paragraph at lines 1700--1705
\OT1/cmr/m/it/10 Ge-og-ra-phy \OT1/cmr/m/n/10 74 (Jan-uary): 233--41. []$\OT1/c
mtt/m/n/10 https : / / doi . org / 10 . 1016 / j . jtrangeo .
 []


Overfull \hbox (37.66301pt too wide) in paragraph at lines 1713--1718
\OT1/cmr/m/n/10 Trade.'' \OT1/cmr/m/it/10 Econo-met-rics \OT1/cmr/m/n/10 6 (1):
 9. []$\OT1/cmtt/m/n/10 https : / / doi . org / 10 . 3390 / econometrics6010009
$[]\OT1/cmr/m/n/10 . 
 []


Overfull \hbox (83.6536pt too wide) in paragraph at lines 1719--1723
\OT1/cmr/m/n/10 and Po-ten-tial in the Greater Toronto and Hamil-ton Area.'' ht
tp://transformlab.ryerson.ca/wp-
 []


Overfull \hbox (8.848pt too wide) in paragraph at lines 1719--1723
\OT1/cmr/m/n/10 content/uploads/2016/10/Cycling-potential-in-GTHA-final-report-
2016.pdf. 
 []


Underfull \vbox (badness 1014) has occurred while \output is active []

[32] [33]
Overfull \hbox (3.4451pt too wide) in paragraph at lines 1840--1844
\OT1/cmr/m/n/10 Share Rid-er-ship? An In-ves-ti-ga-tion of Hamil-ton, On-tario'
s Bike Share Hubs.''
 []


Overfull \hbox (10.59792pt too wide) in paragraph at lines 1852--1858
[][]\OT1/cmr/m/n/10 Sol^^S^^Ps, Pa-tri-cia, Jen-nings An-der-son, and Sushil Ra
-jagopalan. 2020. ``Open Geospa-
 []


Overfull \hbox (1.7507pt too wide) in paragraph at lines 1852--1858
\OT1/cmr/m/n/10 tial Tools for Hu-man-i-tar-ian Data Cre-ation, Anal-y-sis, and
 Learn-ing Through
 []


Overfull \hbox (8.56609pt too wide) in paragraph at lines 1852--1858
\OT1/cmr/m/n/10 the Global Lens of YouthMap-pers.'' \OT1/cmr/m/it/10 Jour-nal o
f Ge-o-graph-i-cal Sys-tems\OT1/cmr/m/n/10 , Novem-
 []


Overfull \hbox (21.11192pt too wide) in paragraph at lines 1859--1863
\OT1/cmr/m/n/10 sus.'' https://www150.statcan.gc.ca/n1/en/daily-quotidien/17112
9/dq171129c-
 []


Overfull \hbox (24.50073pt too wide) in paragraph at lines 1864--1869
\OT1/cmr/m/n/10 Works.'' https://www.tcat.ca/wp-content/uploads/2019/09/Increas
ing-Cycling-
 []


Overfull \hbox (20.55629pt too wide) in paragraph at lines 1870--1875
[][]\OT1/cmr/m/n/10 Wickham, Hadley, Mara Av-er-ick, Jen-nifer Bryan, Win-ston 
Chang, Lucy D'Agostino
 []

[34]
No file Correlates-cycling-flows-routes.bbl.
[35] (./Correlates-cycling-flows-routes.aux)

LaTeX Font Warning: Size substitutions with differences
(Font)              up to 1.0pt have occurred.


LaTeX Warning: There were multiply-defined labels.

Package rerunfilecheck Info: File `Correlates-cycling-flows-routes.out' has not
 changed.
(rerunfilecheck)             Checksum: 6471454031DE0EB178875B0173D39105;750.
 ) 
Here is how much of TeX's memory you used:
 10745 strings out of 480954
 159407 string characters out of 5905755
 504287 words of memory out of 5000000
 27601 multiletter control sequences out of 15000+600000
 412450 words of font info for 59 fonts, out of 8000000 for 9000
 14 hyphenation exceptions out of 8191
 71i,12n,74p,398b,372s stack positions out of 5000i,500n,10000p,200000b,80000s
<c:/Users/paezha/AppData/Roaming/TinyTeX/texmf-dist/fonts/type1/public/amsfon
ts/cm/cmbsy10.pfb><c:/Users/paezha/AppData/Roaming/TinyTeX/texmf-dist/fonts/typ
e1/public/amsfonts/cm/cmbx10.pfb><c:/Users/paezha/AppData/Roaming/TinyTeX/texmf
-dist/fonts/type1/public/amsfonts/cm/cmbx12.pfb><c:/Users/paezha/AppData/Roamin
g/TinyTeX/texmf-dist/fonts/type1/public/amsfonts/cm/cmbx8.pfb><c:/Users/paezha/
AppData/Roaming/TinyTeX/texmf-dist/fonts/type1/public/amsfonts/cm/cmex10.pfb><c
:/Users/paezha/AppData/Roaming/TinyTeX/texmf-dist/fonts/type1/public/amsfonts/c
m/cmmi10.pfb><c:/Users/paezha/AppData/Roaming/TinyTeX/texmf-dist/fonts/type1/pu
blic/amsfonts/cm/cmmi5.pfb><c:/Users/paezha/AppData/Roaming/TinyTeX/texmf-dist/
fonts/type1/public/amsfonts/cm/cmmi7.pfb><c:/Users/paezha/AppData/Roaming/TinyT
eX/texmf-dist/fonts/type1/public/amsfonts/cm/cmmi8.pfb><c:/Users/paezha/AppData
/Roaming/TinyTeX/texmf-dist/fonts/type1/public/amsfonts/cm/cmr10.pfb><c:/Users/
paezha/AppData/Roaming/TinyTeX/texmf-dist/fonts/type1/public/amsfonts/cm/cmr5.p
fb><c:/Users/paezha/AppData/Roaming/TinyTeX/texmf-dist/fonts/type1/public/amsfo
nts/cm/cmr6.pfb><c:/Users/paezha/AppData/Roaming/TinyTeX/texmf-dist/fonts/type1
/public/amsfonts/cm/cmr7.pfb><c:/Users/paezha/AppData/Roaming/TinyTeX/texmf-dis
t/fonts/type1/public/amsfonts/cm/cmr8.pfb><c:/Users/paezha/AppData/Roaming/Tiny
TeX/texmf-dist/fonts/type1/public/amsfonts/cm/cmr9.pfb><c:/Users/paezha/AppData
/Roaming/TinyTeX/texmf-dist/fonts/type1/public/amsfonts/cm/cmsy10.pfb><c:/Users
/paezha/AppData/Roaming/TinyTeX/texmf-dist/fonts/type1/public/amsfonts/cm/cmsy5
.pfb><c:/Users/paezha/AppData/Roaming/TinyTeX/texmf-dist/fonts/type1/public/ams
fonts/cm/cmsy7.pfb><c:/Users/paezha/AppData/Roaming/TinyTeX/texmf-dist/fonts/ty
pe1/public/amsfonts/cm/cmsy9.pfb><c:/Users/paezha/AppData/Roaming/TinyTeX/texmf
-dist/fonts/type1/public/amsfonts/cm/cmti10.pfb><c:/Users/paezha/AppData/Roamin
g/TinyTeX/texmf-dist/fonts/type1/public/amsfonts/cm/cmti8.pfb><c:/Users/paezha/
AppData/Roaming/TinyTeX/texmf-dist/fonts/type1/public/amsfonts/cm/cmti9.pfb><c:
/Users/paezha/AppData/Roaming/TinyTeX/texmf-dist/fonts/type1/public/amsfonts/cm
/cmtt10.pfb><c:/Users/paezha/AppData/Roaming/TinyTeX/texmf-dist/fonts/type1/pub
lic/amsfonts/cm/cmtt8.pfb>
Output written on Correlates-cycling-flows-routes.pdf (35 pages, 1078899 bytes)
.
PDF statistics:
 634 PDF objects out of 1000 (max. 8388607)
 550 compressed objects within 6 object streams
 189 named destinations out of 1000 (max. 500000)
 95 words of extra memory for PDF output out of 10000 (max. 10000000)

